Using pre-set license
Built from '2021.1/staging' branch; Version is '2021.1.15f1 (e767a7370072) revision 15165351'; Using compiler version '192528614'; Build Type 'Release'
OS: 'Windows 10 Pro; OS build 19043.1237; Version 2009; 64bit' Language: 'en' Physical Memory: 8075 MB
BatchMode: 1, IsHumanControllingUs: 0, StartBugReporterOnCrash: 0, Is64bit: 1, IsPro: 0

 COMMAND LINE ARGUMENTS:
F:\application\unity\2021.1.15f1\Editor\Unity.exe
-adb2
-batchMode
-noUpm
-name
AssetImportWorker0
-projectPath
G:/unity proj/Hockey/HockeyGame
-logFile
Logs/AssetImportWorker0.log
-srvPort
54902
Successfully changed project path to: G:/unity proj/Hockey/HockeyGame
G:/unity proj/Hockey/HockeyGame
Using Asset Import Pipeline V2.
Refreshing native plugins compatible for Editor in 253.88 ms, found 3 plugins.
Preloading 0 native plugins for Editor in 0.00 ms.
Initialize engine version: 2021.1.15f1 (e767a7370072)
[Subsystems] Discovering subsystems at path F:/application/unity/2021.1.15f1/Editor/Data/Resources/UnitySubsystems
[Subsystems] Discovering subsystems at path G:/unity proj/Hockey/HockeyGame/Assets
GfxDevice: creating device client; threaded=0; jobified=0
Direct3D:
    Version:  Direct3D 11.0 [level 11.0]
    Renderer: NVIDIA GeForce 840M (ID=0x1341)
    Vendor:   NVIDIA
    VRAM:     2010 MB
    Driver:   26.21.14.4187
Initialize mono
Mono path[0] = 'F:/application/unity/2021.1.15f1/Editor/Data/Managed'
Mono path[1] = 'F:/application/unity/2021.1.15f1/Editor/Data/MonoBleedingEdge/lib/mono/unityjit'
Mono config path = 'F:/application/unity/2021.1.15f1/Editor/Data/MonoBleedingEdge/etc'
Using monoOptions --debugger-agent=transport=dt_socket,embedding=1,server=y,suspend=n,address=127.0.0.1:56160
Begin MonoManager ReloadAssembly
Registering precompiled unity dll's ...
Register platform support module: F:/application/unity/2021.1.15f1/Editor/Data/PlaybackEngines/WebGLSupport/UnityEditor.WebGL.Extensions.dll
Register platform support module: F:/application/unity/2021.1.15f1/Editor/Data/PlaybackEngines/WindowsStandaloneSupport/UnityEditor.WindowsStandalone.Extensions.dll
Registered in 0.003380 seconds.
Native extension for WindowsStandalone target not found
Native extension for WebGL target not found
Refreshing native plugins compatible for Editor in 241.96 ms, found 3 plugins.
Preloading 0 native plugins for Editor in 0.00 ms.
Mono: successfully reloaded assembly
- Completed reload, in  4.927 seconds
Domain Reload Profiling:
	ReloadAssembly (4927ms)
		BeginReloadAssembly (184ms)
			ExecutionOrderSort (0ms)
			DisableScriptedObjects (0ms)
			BackupInstance (0ms)
			ReleaseScriptingObjects (0ms)
			CreateAndSetChildDomain (2ms)
		EndReloadAssembly (1960ms)
			LoadAssemblies (182ms)
			RebuildTransferFunctionScriptingTraits (0ms)
			SetupTypeCache (721ms)
			ReleaseScriptCaches (0ms)
			RebuildScriptCaches (93ms)
			SetupLoadedEditorAssemblies (975ms)
				LogAssemblyErrors (0ms)
				InitializePlatformSupportModulesInManaged (38ms)
				SetLoadedEditorAssemblies (1ms)
				RefreshPlugins (242ms)
				BeforeProcessingInitializeOnLoad (4ms)
				ProcessInitializeOnLoadAttributes (613ms)
				ProcessInitializeOnLoadMethodAttributes (77ms)
				AfterProcessingInitializeOnLoad (0ms)
				EditorAssembliesLoaded (1ms)
			ExecutionOrderSort2 (0ms)
			AwakeInstancesAfterBackupRestoration (0ms)
Platform modules already initialized, skipping
Registering precompiled user dll's ...
Registered in 0.012882 seconds.
Begin MonoManager ReloadAssembly
Symbol file LoadedFromMemory doesn't match image G:\unity proj\Hockey\HockeyGame\Library\PackageCache\com.unity.visualscripting@1.6.1\Editor\VisualScripting.Core\Dependencies\YamlDotNet\Unity.VisualScripting.YamlDotNet.dll
Symbol file LoadedFromMemory doesn't match image G:\unity proj\Hockey\HockeyGame\Library\PackageCache\com.unity.visualscripting@1.6.1\Editor\VisualScripting.Core\Dependencies\DotNetZip\Unity.VisualScripting.IonicZip.dll
Native extension for WindowsStandalone target not found
Native extension for WebGL target not found
Refreshing native plugins compatible for Editor in 1.57 ms, found 3 plugins.
Preloading 0 native plugins for Editor in 0.00 ms.
Find all reader and writers took 188 milliseconds
Script Module: UnityEngine.UI.dll
Weave behaviours and messages took 164 milliseconds
Find all reader and writers took 149 milliseconds
Script Module: UnityEngine.TestRunner.dll
Weave behaviours and messages took 52 milliseconds
Find all reader and writers took 132 milliseconds
Script Module: SimpleWebTransport.dll
Weave behaviours and messages took 13 milliseconds
Find all reader and writers took 177 milliseconds
Script Module: Unity.VisualScripting.State.dll
Weave behaviours and messages took 13 milliseconds
Find all reader and writers took 158 milliseconds
Script Module: Unity.VisualScripting.Core.dll
Weave behaviours and messages took 278 milliseconds
Find all reader and writers took 316 milliseconds
Script Module: Unity.VisualScripting.Flow.dll
Weave behaviours and messages took 304 milliseconds
Find all reader and writers took 263 milliseconds
Script Module: Unity.TextMeshPro.dll
Weave behaviours and messages took 202 milliseconds
Find all reader and writers took 159 milliseconds
Script Module: Unity.Timeline.dll
Weave behaviours and messages took 65 milliseconds
Find all reader and writers took 127 milliseconds
Script Module: Telepathy.dll
Weave behaviours and messages took 11 milliseconds
Find all reader and writers took 225 milliseconds
Script Module: kcp2k.dll
Weave behaviours and messages took 28 milliseconds
Find all reader and writers took 242 milliseconds
Script Module: where-allocations.dll
Weave behaviours and messages took 0 milliseconds
Find all reader and writers took 468 milliseconds
Script Module: VSSettingsProvider.dll
Weave behaviours and messages took 2 milliseconds
